2022-06-25 00:18:57.990 | INFO     | main:home:32 - =============== API start ===============
2022-06-25 00:18:57.991 | INFO     | main:home:33 - mode: HTTP GET
2022-06-25 00:18:57.991 | INFO     | main:home:35 - Call: getHomePage
2022-06-25 00:18:57.992 | INFO     | main:home:36 - Now time: 2022-06-25 00:18:57
2022-06-25 00:19:47.707 | INFO     | main:aircraftClassAndFileNameRequest:73 - =============== API start ===============
2022-06-25 00:19:47.708 | INFO     | main:aircraftClassAndFileNameRequest:74 - mode: HTTP GET
2022-06-25 00:19:47.709 | INFO     | main:aircraftClassAndFileNameRequest:75 - Function start time: 2022-06-25 00:19:47
2022-06-25 00:19:47.709 | INFO     | main:aircraftClassAndFileNameRequest:77 - Call: getFileNameClassNameFilteredResult
2022-06-25 00:25:17.620 | INFO     | main:home:32 - =============== API start ===============
2022-06-25 00:25:17.621 | INFO     | main:home:33 - mode: HTTP GET
2022-06-25 00:25:17.622 | INFO     | main:home:35 - Call: getHomePage
2022-06-25 00:25:17.622 | INFO     | main:home:36 - Now time: 2022-06-25 00:25:17
2022-06-25 00:25:17.623 | INFO     | main:home:38 - =============== API end ===============


2022-06-25 00:49:49.964 | INFO     | main:aircraftClassAndFileNameRequest:73 - =============== API start ===============
2022-06-25 00:49:49.967 | INFO     | main:aircraftClassAndFileNameRequest:74 - mode: HTTP GET
2022-06-25 00:49:49.968 | INFO     | main:aircraftClassAndFileNameRequest:75 - Function start time: 2022-06-25 00:49:49
2022-06-25 00:49:49.968 | INFO     | main:aircraftClassAndFileNameRequest:77 - Call: getFileNameClassNameFilteredResult
2022-06-25 00:54:10.159 | INFO     | main:aircraftClassAndFileNameRequest:73 - =============== API start ===============
2022-06-25 00:54:10.161 | INFO     | main:aircraftClassAndFileNameRequest:74 - mode: HTTP GET
2022-06-25 00:54:10.162 | INFO     | main:aircraftClassAndFileNameRequest:75 - Function start time: 2022-06-25 00:54:10
2022-06-25 00:54:10.163 | INFO     | main:aircraftClassAndFileNameRequest:77 - Call: getFileNameClassNameFilteredResult
2022-06-25 00:56:43.672 | INFO     | main:aircraftClassAndFileNameRequest:73 - =============== API start ===============
2022-06-25 00:56:43.674 | INFO     | main:aircraftClassAndFileNameRequest:74 - mode: HTTP GET
2022-06-25 00:56:43.674 | INFO     | main:aircraftClassAndFileNameRequest:75 - Function start time: 2022-06-25 00:56:43
2022-06-25 00:56:43.675 | INFO     | main:aircraftClassAndFileNameRequest:77 - Call: getFileNameClassNameFilteredResult
2022-06-25 01:00:55.368 | INFO     | main:aircraftClassAndFileNameRequest:73 - =============== API start ===============
2022-06-25 01:00:55.370 | INFO     | main:aircraftClassAndFileNameRequest:74 - mode: HTTP GET
2022-06-25 01:00:55.370 | INFO     | main:aircraftClassAndFileNameRequest:75 - Function start time: 2022-06-25 01:00:55
2022-06-25 01:00:55.371 | INFO     | main:aircraftClassAndFileNameRequest:77 - Call: getFileNameClassNameFilteredResult
2022-06-25 01:01:05.993 | INFO     | main:home:32 - =============== API start ===============
2022-06-25 01:01:05.994 | INFO     | main:home:33 - mode: HTTP GET
2022-06-25 01:01:05.994 | INFO     | main:home:35 - Call: getHomePage
2022-06-25 01:01:05.995 | INFO     | main:home:36 - Now time: 2022-06-25 01:01:05
2022-06-25 01:01:05.995 | INFO     | main:home:38 - =============== API end ===============


2022-06-25 01:01:57.081 | INFO     | main:imgSzieRangeRequest:97 - =============== API start ===============
2022-06-25 01:01:57.082 | INFO     | main:imgSzieRangeRequest:98 - mode: HTTP GET
2022-06-25 01:01:57.083 | INFO     | main:imgSzieRangeRequest:99 - Function start time: 2022-06-25 01:01:57
2022-06-25 01:01:57.083 | INFO     | main:imgSzieRangeRequest:101 - Call: getimgSizeRangeFilteredResult
2022-06-25 01:04:18.855 | INFO     | main:home:32 - =============== API start ===============
2022-06-25 01:04:18.856 | INFO     | main:home:33 - mode: HTTP GET
2022-06-25 01:04:18.856 | INFO     | main:home:35 - Call: getHomePage
2022-06-25 01:04:18.857 | INFO     | main:home:36 - Now time: 2022-06-25 01:04:18
2022-06-25 01:04:18.857 | INFO     | main:home:38 - =============== API end ===============


2022-06-25 01:04:28.725 | INFO     | main:imgSzieRangeRequest:97 - =============== API start ===============
2022-06-25 01:04:28.726 | INFO     | main:imgSzieRangeRequest:98 - mode: HTTP GET
2022-06-25 01:04:28.726 | INFO     | main:imgSzieRangeRequest:99 - Function start time: 2022-06-25 01:04:28
2022-06-25 01:04:28.727 | INFO     | main:imgSzieRangeRequest:101 - Call: getimgSizeRangeFilteredResult
2022-06-25 01:04:29.307 | INFO     | main:imgSzieRangeRequest:108 - Function end time: 2022-06-25 01:04:29
2022-06-25 01:04:29.308 | INFO     | main:imgSzieRangeRequest:109 - =============== API end ===============


2022-06-25 01:05:22.445 | INFO     | main:imgSzieRangeRequest:97 - =============== API start ===============
2022-06-25 01:05:22.446 | INFO     | main:imgSzieRangeRequest:98 - mode: HTTP GET
2022-06-25 01:05:22.446 | INFO     | main:imgSzieRangeRequest:99 - Function start time: 2022-06-25 01:05:22
2022-06-25 01:05:22.447 | INFO     | main:imgSzieRangeRequest:101 - Call: getimgSizeRangeFilteredResult
2022-06-25 01:05:22.966 | INFO     | main:imgSzieRangeRequest:108 - Function end time: 2022-06-25 01:05:22
2022-06-25 01:05:22.967 | INFO     | main:imgSzieRangeRequest:109 - =============== API end ===============


2022-06-25 01:07:57.416 | INFO     | main:imgSzieRangeRequest:97 - =============== API start ===============
2022-06-25 01:07:57.418 | INFO     | main:imgSzieRangeRequest:98 - mode: HTTP GET
2022-06-25 01:07:57.419 | INFO     | main:imgSzieRangeRequest:99 - Function start time: 2022-06-25 01:07:57
2022-06-25 01:07:57.419 | INFO     | main:imgSzieRangeRequest:101 - Call: getimgSizeRangeFilteredResult
2022-06-25 01:07:58.014 | INFO     | main:imgSzieRangeRequest:108 - Function end time: 2022-06-25 01:07:58
2022-06-25 01:07:58.015 | INFO     | main:imgSzieRangeRequest:109 - =============== API end ===============


2022-06-25 01:14:50.886 | INFO     | main:imgSzieRangeRequest:97 - =============== API start ===============
2022-06-25 01:14:50.888 | INFO     | main:imgSzieRangeRequest:98 - mode: HTTP GET
2022-06-25 01:14:50.889 | INFO     | main:imgSzieRangeRequest:99 - Function start time: 2022-06-25 01:14:50
2022-06-25 01:14:50.889 | INFO     | main:imgSzieRangeRequest:101 - Call: getimgSizeRangeFilteredResult
2022-06-25 01:14:51.305 | INFO     | main:imgSzieRangeRequest:108 - Function end time: 2022-06-25 01:14:51
2022-06-25 01:14:51.306 | INFO     | main:imgSzieRangeRequest:109 - =============== API end ===============


2022-06-25 01:14:51.926 | INFO     | main:imgSzieRangeRequest:97 - =============== API start ===============
2022-06-25 01:14:51.927 | INFO     | main:imgSzieRangeRequest:98 - mode: HTTP GET
2022-06-25 01:14:51.927 | INFO     | main:imgSzieRangeRequest:99 - Function start time: 2022-06-25 01:14:51
2022-06-25 01:14:51.927 | INFO     | main:imgSzieRangeRequest:101 - Call: getimgSizeRangeFilteredResult
2022-06-25 01:14:52.376 | INFO     | main:imgSzieRangeRequest:108 - Function end time: 2022-06-25 01:14:52
2022-06-25 01:14:52.377 | INFO     | main:imgSzieRangeRequest:109 - =============== API end ===============


2022-06-25 01:14:57.198 | INFO     | main:imgSzieRangeRequest:97 - =============== API start ===============
2022-06-25 01:14:57.199 | INFO     | main:imgSzieRangeRequest:98 - mode: HTTP GET
2022-06-25 01:14:57.199 | INFO     | main:imgSzieRangeRequest:99 - Function start time: 2022-06-25 01:14:57
2022-06-25 01:14:57.200 | INFO     | main:imgSzieRangeRequest:101 - Call: getimgSizeRangeFilteredResult
2022-06-25 01:14:57.594 | INFO     | main:imgSzieRangeRequest:108 - Function end time: 2022-06-25 01:14:57
2022-06-25 01:14:57.594 | INFO     | main:imgSzieRangeRequest:109 - =============== API end ===============


2022-06-25 01:15:03.257 | INFO     | main:imgSzieRangeRequest:97 - =============== API start ===============
2022-06-25 01:15:03.259 | INFO     | main:imgSzieRangeRequest:98 - mode: HTTP GET
2022-06-25 01:15:03.259 | INFO     | main:imgSzieRangeRequest:99 - Function start time: 2022-06-25 01:15:03
2022-06-25 01:15:03.260 | INFO     | main:imgSzieRangeRequest:101 - Call: getimgSizeRangeFilteredResult
2022-06-25 01:15:03.656 | ERROR    | main:imgSzieRangeRequest:106 - No data Found: HTTP 404
2022-06-25 01:15:03.656 | INFO     | main:imgSzieRangeRequest:108 - Function end time: 2022-06-25 01:15:03
2022-06-25 01:15:03.657 | INFO     | main:imgSzieRangeRequest:109 - =============== API end ===============


2022-06-25 01:15:04.282 | INFO     | main:imgSzieRangeRequest:97 - =============== API start ===============
2022-06-25 01:15:04.283 | INFO     | main:imgSzieRangeRequest:98 - mode: HTTP GET
2022-06-25 01:15:04.284 | INFO     | main:imgSzieRangeRequest:99 - Function start time: 2022-06-25 01:15:04
2022-06-25 01:15:04.284 | INFO     | main:imgSzieRangeRequest:101 - Call: getimgSizeRangeFilteredResult
2022-06-25 01:15:04.669 | INFO     | main:imgSzieRangeRequest:108 - Function end time: 2022-06-25 01:15:04
2022-06-25 01:15:04.670 | INFO     | main:imgSzieRangeRequest:109 - =============== API end ===============


2022-06-25 01:15:06.703 | INFO     | main:imgSzieRangeRequest:97 - =============== API start ===============
2022-06-25 01:15:06.704 | INFO     | main:imgSzieRangeRequest:98 - mode: HTTP GET
2022-06-25 01:15:06.704 | INFO     | main:imgSzieRangeRequest:99 - Function start time: 2022-06-25 01:15:06
2022-06-25 01:15:06.705 | INFO     | main:imgSzieRangeRequest:101 - Call: getimgSizeRangeFilteredResult
2022-06-25 01:15:07.096 | INFO     | main:imgSzieRangeRequest:108 - Function end time: 2022-06-25 01:15:07
2022-06-25 01:15:07.096 | INFO     | main:imgSzieRangeRequest:109 - =============== API end ===============


2022-06-25 01:15:07.454 | INFO     | main:imgSzieRangeRequest:97 - =============== API start ===============
2022-06-25 01:15:07.455 | INFO     | main:imgSzieRangeRequest:98 - mode: HTTP GET
2022-06-25 01:15:07.455 | INFO     | main:imgSzieRangeRequest:99 - Function start time: 2022-06-25 01:15:07
2022-06-25 01:15:07.456 | INFO     | main:imgSzieRangeRequest:101 - Call: getimgSizeRangeFilteredResult
2022-06-25 01:15:07.850 | INFO     | main:imgSzieRangeRequest:108 - Function end time: 2022-06-25 01:15:07
2022-06-25 01:15:07.851 | INFO     | main:imgSzieRangeRequest:109 - =============== API end ===============


2022-06-25 01:15:07.856 | INFO     | main:imgSzieRangeRequest:97 - =============== API start ===============
2022-06-25 01:15:07.857 | INFO     | main:imgSzieRangeRequest:98 - mode: HTTP GET
2022-06-25 01:15:07.857 | INFO     | main:imgSzieRangeRequest:99 - Function start time: 2022-06-25 01:15:07
2022-06-25 01:15:07.858 | INFO     | main:imgSzieRangeRequest:101 - Call: getimgSizeRangeFilteredResult
2022-06-25 01:15:08.252 | INFO     | main:imgSzieRangeRequest:108 - Function end time: 2022-06-25 01:15:08
2022-06-25 01:15:08.252 | INFO     | main:imgSzieRangeRequest:109 - =============== API end ===============


2022-06-25 01:15:08.296 | INFO     | main:imgSzieRangeRequest:97 - =============== API start ===============
2022-06-25 01:15:08.297 | INFO     | main:imgSzieRangeRequest:98 - mode: HTTP GET
2022-06-25 01:15:08.298 | INFO     | main:imgSzieRangeRequest:99 - Function start time: 2022-06-25 01:15:08
2022-06-25 01:15:08.298 | INFO     | main:imgSzieRangeRequest:101 - Call: getimgSizeRangeFilteredResult
2022-06-25 01:15:08.700 | INFO     | main:imgSzieRangeRequest:108 - Function end time: 2022-06-25 01:15:08
2022-06-25 01:15:08.701 | INFO     | main:imgSzieRangeRequest:109 - =============== API end ===============


2022-06-25 01:15:09.280 | INFO     | main:imgSzieRangeRequest:97 - =============== API start ===============
2022-06-25 01:15:09.281 | INFO     | main:imgSzieRangeRequest:98 - mode: HTTP GET
2022-06-25 01:15:09.281 | INFO     | main:imgSzieRangeRequest:99 - Function start time: 2022-06-25 01:15:09
2022-06-25 01:15:09.282 | INFO     | main:imgSzieRangeRequest:101 - Call: getimgSizeRangeFilteredResult
2022-06-25 01:15:09.667 | INFO     | main:imgSzieRangeRequest:108 - Function end time: 2022-06-25 01:15:09
2022-06-25 01:15:09.668 | INFO     | main:imgSzieRangeRequest:109 - =============== API end ===============


2022-06-25 01:15:09.908 | INFO     | main:imgSzieRangeRequest:97 - =============== API start ===============
2022-06-25 01:15:09.909 | INFO     | main:imgSzieRangeRequest:98 - mode: HTTP GET
2022-06-25 01:15:09.909 | INFO     | main:imgSzieRangeRequest:99 - Function start time: 2022-06-25 01:15:09
2022-06-25 01:15:09.910 | INFO     | main:imgSzieRangeRequest:101 - Call: getimgSizeRangeFilteredResult
2022-06-25 01:15:10.297 | INFO     | main:imgSzieRangeRequest:108 - Function end time: 2022-06-25 01:15:10
2022-06-25 01:15:10.298 | INFO     | main:imgSzieRangeRequest:109 - =============== API end ===============


2022-06-25 01:15:14.658 | INFO     | main:imgSzieRangeRequest:97 - =============== API start ===============
2022-06-25 01:15:14.659 | INFO     | main:imgSzieRangeRequest:98 - mode: HTTP GET
2022-06-25 01:15:14.659 | INFO     | main:imgSzieRangeRequest:99 - Function start time: 2022-06-25 01:15:14
2022-06-25 01:15:14.659 | INFO     | main:imgSzieRangeRequest:101 - Call: getimgSizeRangeFilteredResult
2022-06-25 01:15:15.049 | INFO     | main:imgSzieRangeRequest:108 - Function end time: 2022-06-25 01:15:15
2022-06-25 01:15:15.050 | INFO     | main:imgSzieRangeRequest:109 - =============== API end ===============


2022-06-25 01:15:15.903 | INFO     | main:imgSzieRangeRequest:97 - =============== API start ===============
2022-06-25 01:15:15.903 | INFO     | main:imgSzieRangeRequest:98 - mode: HTTP GET
2022-06-25 01:15:15.904 | INFO     | main:imgSzieRangeRequest:99 - Function start time: 2022-06-25 01:15:15
2022-06-25 01:15:15.904 | INFO     | main:imgSzieRangeRequest:101 - Call: getimgSizeRangeFilteredResult
2022-06-25 01:15:16.297 | INFO     | main:imgSzieRangeRequest:108 - Function end time: 2022-06-25 01:15:16
2022-06-25 01:15:16.298 | INFO     | main:imgSzieRangeRequest:109 - =============== API end ===============


2022-06-25 01:15:20.370 | INFO     | main:imgSzieRangeRequest:97 - =============== API start ===============
2022-06-25 01:15:20.371 | INFO     | main:imgSzieRangeRequest:98 - mode: HTTP GET
2022-06-25 01:15:20.371 | INFO     | main:imgSzieRangeRequest:99 - Function start time: 2022-06-25 01:15:20
2022-06-25 01:15:20.372 | INFO     | main:imgSzieRangeRequest:101 - Call: getimgSizeRangeFilteredResult
2022-06-25 01:15:20.777 | INFO     | main:imgSzieRangeRequest:108 - Function end time: 2022-06-25 01:15:20
2022-06-25 01:15:20.778 | INFO     | main:imgSzieRangeRequest:109 - =============== API end ===============


2022-06-25 01:15:54.444 | INFO     | main:imgSzieRangeRequest:97 - =============== API start ===============
2022-06-25 01:15:54.445 | INFO     | main:imgSzieRangeRequest:98 - mode: HTTP GET
2022-06-25 01:15:54.445 | INFO     | main:imgSzieRangeRequest:99 - Function start time: 2022-06-25 01:15:54
2022-06-25 01:15:54.446 | INFO     | main:imgSzieRangeRequest:101 - Call: getimgSizeRangeFilteredResult
2022-06-25 01:15:54.870 | INFO     | main:imgSzieRangeRequest:108 - Function end time: 2022-06-25 01:15:54
2022-06-25 01:15:54.870 | INFO     | main:imgSzieRangeRequest:109 - =============== API end ===============


2022-06-25 01:16:01.746 | INFO     | main:imgSzieRangeRequest:97 - =============== API start ===============
2022-06-25 01:16:01.746 | INFO     | main:imgSzieRangeRequest:98 - mode: HTTP GET
2022-06-25 01:16:01.747 | INFO     | main:imgSzieRangeRequest:99 - Function start time: 2022-06-25 01:16:01
2022-06-25 01:16:01.747 | INFO     | main:imgSzieRangeRequest:101 - Call: getimgSizeRangeFilteredResult
2022-06-25 01:16:02.153 | INFO     | main:imgSzieRangeRequest:108 - Function end time: 2022-06-25 01:16:02
2022-06-25 01:16:02.154 | INFO     | main:imgSzieRangeRequest:109 - =============== API end ===============


2022-06-25 01:16:09.335 | INFO     | main:imgSzieRangeRequest:97 - =============== API start ===============
2022-06-25 01:16:09.337 | INFO     | main:imgSzieRangeRequest:98 - mode: HTTP GET
2022-06-25 01:16:09.337 | INFO     | main:imgSzieRangeRequest:99 - Function start time: 2022-06-25 01:16:09
2022-06-25 01:16:09.338 | INFO     | main:imgSzieRangeRequest:101 - Call: getimgSizeRangeFilteredResult
2022-06-25 01:16:09.735 | INFO     | main:imgSzieRangeRequest:108 - Function end time: 2022-06-25 01:16:09
2022-06-25 01:16:09.736 | INFO     | main:imgSzieRangeRequest:109 - =============== API end ===============


2022-06-25 01:16:19.710 | INFO     | main:imgSzieRangeRequest:97 - =============== API start ===============
2022-06-25 01:16:19.711 | INFO     | main:imgSzieRangeRequest:98 - mode: HTTP GET
2022-06-25 01:16:19.712 | INFO     | main:imgSzieRangeRequest:99 - Function start time: 2022-06-25 01:16:19
2022-06-25 01:16:19.712 | INFO     | main:imgSzieRangeRequest:101 - Call: getimgSizeRangeFilteredResult
2022-06-25 01:16:20.116 | INFO     | main:imgSzieRangeRequest:108 - Function end time: 2022-06-25 01:16:20
2022-06-25 01:16:20.117 | INFO     | main:imgSzieRangeRequest:109 - =============== API end ===============


2022-06-25 01:17:18.118 | INFO     | main:imgSzieRangeRequest:97 - =============== API start ===============
2022-06-25 01:17:18.119 | INFO     | main:imgSzieRangeRequest:98 - mode: HTTP GET
2022-06-25 01:17:18.120 | INFO     | main:imgSzieRangeRequest:99 - Function start time: 2022-06-25 01:17:18
2022-06-25 01:17:18.120 | INFO     | main:imgSzieRangeRequest:101 - Call: getimgSizeRangeFilteredResult
2022-06-25 01:17:18.516 | INFO     | main:imgSzieRangeRequest:108 - Function end time: 2022-06-25 01:17:18
2022-06-25 01:17:18.517 | INFO     | main:imgSzieRangeRequest:109 - =============== API end ===============


2022-06-25 01:17:34.423 | INFO     | main:imgSzieRangeRequest:97 - =============== API start ===============
2022-06-25 01:17:34.424 | INFO     | main:imgSzieRangeRequest:98 - mode: HTTP GET
2022-06-25 01:17:34.425 | INFO     | main:imgSzieRangeRequest:99 - Function start time: 2022-06-25 01:17:34
2022-06-25 01:17:34.425 | INFO     | main:imgSzieRangeRequest:101 - Call: getimgSizeRangeFilteredResult
2022-06-25 01:17:34.827 | INFO     | main:imgSzieRangeRequest:108 - Function end time: 2022-06-25 01:17:34
2022-06-25 01:17:34.828 | INFO     | main:imgSzieRangeRequest:109 - =============== API end ===============


2022-06-25 01:17:45.084 | INFO     | main:imgSzieRangeRequest:97 - =============== API start ===============
2022-06-25 01:17:45.085 | INFO     | main:imgSzieRangeRequest:98 - mode: HTTP GET
2022-06-25 01:17:45.085 | INFO     | main:imgSzieRangeRequest:99 - Function start time: 2022-06-25 01:17:45
2022-06-25 01:17:45.086 | INFO     | main:imgSzieRangeRequest:101 - Call: getimgSizeRangeFilteredResult
2022-06-25 01:17:45.475 | INFO     | main:imgSzieRangeRequest:108 - Function end time: 2022-06-25 01:17:45
2022-06-25 01:17:45.476 | INFO     | main:imgSzieRangeRequest:109 - =============== API end ===============


2022-06-25 01:17:51.991 | INFO     | main:imgSzieRangeRequest:97 - =============== API start ===============
2022-06-25 01:17:51.991 | INFO     | main:imgSzieRangeRequest:98 - mode: HTTP GET
2022-06-25 01:17:51.992 | INFO     | main:imgSzieRangeRequest:99 - Function start time: 2022-06-25 01:17:51
2022-06-25 01:17:51.992 | INFO     | main:imgSzieRangeRequest:101 - Call: getimgSizeRangeFilteredResult
2022-06-25 01:17:53.416 | INFO     | main:imgSzieRangeRequest:108 - Function end time: 2022-06-25 01:17:53
2022-06-25 01:17:53.417 | INFO     | main:imgSzieRangeRequest:109 - =============== API end ===============


2022-06-25 02:58:14.813 | INFO     | main:home:32 - =============== API start ===============
2022-06-25 02:58:14.814 | INFO     | main:home:33 - mode: HTTP GET
2022-06-25 02:58:14.814 | INFO     | main:home:35 - Call: getHomePage
2022-06-25 02:58:14.815 | INFO     | main:home:36 - Now time: 2022-06-25 02:58:14
2022-06-25 02:58:14.816 | INFO     | main:home:38 - =============== API end ===============


2022-06-25 02:58:52.316 | INFO     | main:home:32 - =============== API start ===============
2022-06-25 02:58:52.316 | INFO     | main:home:33 - mode: HTTP GET
2022-06-25 02:58:52.317 | INFO     | main:home:35 - Call: getHomePage
2022-06-25 02:58:52.317 | INFO     | main:home:36 - Now time: 2022-06-25 02:58:52
2022-06-25 02:58:52.318 | INFO     | main:home:38 - =============== API end ===============


2022-06-25 03:06:44.256 | INFO     | main:home:32 - =============== API start ===============
2022-06-25 03:06:44.257 | INFO     | main:home:33 - mode: HTTP GET
2022-06-25 03:06:44.258 | INFO     | main:home:35 - Call: getHomePage
2022-06-25 03:06:44.258 | INFO     | main:home:36 - Now time: 2022-06-25 03:06:44
2022-06-25 03:06:44.259 | INFO     | main:home:38 - =============== API end ===============


2022-06-25 03:07:40.868 | INFO     | main:aircraftClassAndFileNameRequest:73 - =============== API start ===============
2022-06-25 03:07:40.869 | INFO     | main:aircraftClassAndFileNameRequest:74 - mode: HTTP GET
2022-06-25 03:07:40.870 | INFO     | main:aircraftClassAndFileNameRequest:75 - Function start time: 2022-06-25 03:07:40
2022-06-25 03:07:40.870 | INFO     | main:aircraftClassAndFileNameRequest:77 - Call: getFileNameClassNameFilteredResult
2022-06-25 03:07:41.505 | INFO     | main:aircraftClassAndFileNameRequest:85 - Function end time: 2022-06-25 03:07:41
2022-06-25 03:07:41.506 | INFO     | main:aircraftClassAndFileNameRequest:86 - =============== API end ===============


2022-06-25 03:07:47.150 | INFO     | main:home:32 - =============== API start ===============
2022-06-25 03:07:47.150 | INFO     | main:home:33 - mode: HTTP GET
2022-06-25 03:07:47.151 | INFO     | main:home:35 - Call: getHomePage
2022-06-25 03:07:47.151 | INFO     | main:home:36 - Now time: 2022-06-25 03:07:47
2022-06-25 03:07:47.152 | INFO     | main:home:38 - =============== API end ===============


2022-06-25 03:07:48.646 | INFO     | main:home:32 - =============== API start ===============
2022-06-25 03:07:48.648 | INFO     | main:home:33 - mode: HTTP GET
2022-06-25 03:07:48.648 | INFO     | main:home:35 - Call: getHomePage
2022-06-25 03:07:48.649 | INFO     | main:home:36 - Now time: 2022-06-25 03:07:48
2022-06-25 03:07:48.650 | INFO     | main:home:38 - =============== API end ===============


2022-06-25 03:08:20.104 | INFO     | main:home:32 - =============== API start ===============
2022-06-25 03:08:20.105 | INFO     | main:home:33 - mode: HTTP GET
2022-06-25 03:08:20.105 | INFO     | main:home:35 - Call: getHomePage
2022-06-25 03:08:20.106 | INFO     | main:home:36 - Now time: 2022-06-25 03:08:20
2022-06-25 03:08:20.106 | INFO     | main:home:38 - =============== API end ===============


2022-06-25 03:08:22.718 | INFO     | main:home:32 - =============== API start ===============
2022-06-25 03:08:22.719 | INFO     | main:home:33 - mode: HTTP GET
2022-06-25 03:08:22.719 | INFO     | main:home:35 - Call: getHomePage
2022-06-25 03:08:22.720 | INFO     | main:home:36 - Now time: 2022-06-25 03:08:22
2022-06-25 03:08:22.720 | INFO     | main:home:38 - =============== API end ===============


2022-06-25 03:09:08.093 | INFO     | main:inputInfoFilterRequest:52 - =============== API start ===============
2022-06-25 03:09:08.095 | INFO     | main:inputInfoFilterRequest:53 - mode: HTTP GET
2022-06-25 03:09:08.095 | INFO     | main:inputInfoFilterRequest:54 - Function start time: 2022-06-25 03:09:08
2022-06-25 03:09:08.095 | INFO     | main:inputInfoFilterRequest:56 - Call: getS3BucketBodyInfo
2022-06-25 03:09:08.509 | INFO     | main:inputInfoFilterRequest:65 - Function end time: 2022-06-25 03:09:08
2022-06-25 03:09:08.510 | INFO     | main:inputInfoFilterRequest:66 - =============== API end ===============


2022-06-25 03:10:07.604 | INFO     | main:home:32 - =============== API start ===============
2022-06-25 03:10:07.605 | INFO     | main:home:33 - mode: HTTP GET
2022-06-25 03:10:07.606 | INFO     | main:home:35 - Call: getHomePage
2022-06-25 03:10:07.606 | INFO     | main:home:36 - Now time: 2022-06-25 03:10:07
2022-06-25 03:10:07.607 | INFO     | main:home:38 - =============== API end ===============


2022-06-25 20:00:23.329 | ERROR    | api_functions.getS3BucketBody:getS3BucketBodyInfo:72 - No data Found: HTTP 404
